This is XeTeX, Version 3.141592653-2.6-0.999997 (TeX Live 2025) (preloaded format=xelatex 2025.8.29)  22 DEC 2025 19:28
entering extended mode
 restricted \write18 enabled.
 %&-line parsing enabled.
**report.tex
(./report.tex
LaTeX2e <2024-11-01> patch level 2
L3 programming layer <2025-01-18>
(d:/texlive/2025/texmf-dist/tex/latex/base/article.cls
Document Class: article 2024/06/29 v1.4n Standard LaTeX document class
(d:/texlive/2025/texmf-dist/tex/latex/base/size10.clo
File: size10.clo 2024/06/29 v1.4n Standard LaTeX file (size option)
)
\c@part=\count192
\c@section=\count193
\c@subsection=\count194
\c@subsubsection=\count195
\c@paragraph=\count196
\c@subparagraph=\count197
\c@figure=\count198
\c@table=\count199
\abovecaptionskip=\skip49
\belowcaptionskip=\skip50
\bibindent=\dimen141
) (d:/texlive/2025/texmf-dist/tex/latex/xcolor/xcolor.sty
Package: xcolor 2024/09/29 v3.02 LaTeX color extensions (UK)
(d:/texlive/2025/texmf-dist/tex/latex/graphics-cfg/color.cfg
File: color.cfg 2016/01/02 v1.6 sample color configuration
)
Package xcolor Info: Driver file: xetex.def on input line 274.
(d:/texlive/2025/texmf-dist/tex/latex/graphics-def/xetex.def
File: xetex.def 2022/09/22 v5.0n Graphics/color driver for xetex
) (d:/texlive/2025/texmf-dist/tex/latex/graphics/mathcolor.ltx)
Package xcolor Info: Model `cmy' substituted by `cmy0' on input line 1349.
Package xcolor Info: Model `RGB' extended on input line 1365.
Package xcolor Info: Model `HTML' substituted by `rgb' on input line 1367.
Package xcolor Info: Model `Hsb' substituted by `hsb' on input line 1368.
Package xcolor Info: Model `tHsb' substituted by `hsb' on input line 1369.
Package xcolor Info: Model `HSB' substituted by `hsb' on input line 1370.
Package xcolor Info: Model `Gray' substituted by `gray' on input line 1371.
Package xcolor Info: Model `wave' substituted by `hsb' on input line 1372.
) (d:/texlive/2025/texmf-dist/tex/latex/geometry/geometry.sty
Package: geometry 2020/01/02 v5.9 Page Geometry
(d:/texlive/2025/texmf-dist/tex/latex/graphics/keyval.sty
Package: keyval 2022/05/29 v1.15 key=value parser (DPC)
\KV@toks@=\toks17
) (d:/texlive/2025/texmf-dist/tex/generic/iftex/ifvtex.sty
Package: ifvtex 2019/10/25 v1.7 ifvtex legacy package. Use iftex instead.
(d:/texlive/2025/texmf-dist/tex/generic/iftex/iftex.sty
Package: iftex 2024/12/12 v1.0g TeX engine tests
))
\Gm@cnth=\count266
\Gm@cntv=\count267
\c@Gm@tempcnt=\count268
\Gm@bindingoffset=\dimen142
\Gm@wd@mp=\dimen143
\Gm@odd@mp=\dimen144
\Gm@even@mp=\dimen145
\Gm@layoutwidth=\dimen146
\Gm@layoutheight=\dimen147
\Gm@layouthoffset=\dimen148
\Gm@layoutvoffset=\dimen149
\Gm@dimlist=\toks18
) (d:/texlive/2025/texmf-dist/tex/latex/amsmath/amsmath.sty
Package: amsmath 2024/11/05 v2.17t AMS math features
\@mathmargin=\skip51
For additional information on amsmath, use the `?' option.
(d:/texlive/2025/texmf-dist/tex/latex/amsmath/amstext.sty
Package: amstext 2021/08/26 v2.01 AMS text
(d:/texlive/2025/texmf-dist/tex/latex/amsmath/amsgen.sty
File: amsgen.sty 1999/11/30 v2.0 generic functions
\@emptytoks=\toks19
\ex@=\dimen150
)) (d:/texlive/2025/texmf-dist/tex/latex/amsmath/amsbsy.sty
Package: amsbsy 1999/11/29 v1.2d Bold Symbols
\pmbraise@=\dimen151
) (d:/texlive/2025/texmf-dist/tex/latex/amsmath/amsopn.sty
Package: amsopn 2022/04/08 v2.04 operator names
)
\inf@bad=\count269
LaTeX Info: Redefining \frac on input line 233.
\uproot@=\count270
\leftroot@=\count271
LaTeX Info: Redefining \overline on input line 398.
LaTeX Info: Redefining \colon on input line 409.
\classnum@=\count272
\DOTSCASE@=\count273
LaTeX Info: Redefining \ldots on input line 495.
LaTeX Info: Redefining \dots on input line 498.
LaTeX Info: Redefining \cdots on input line 619.
\Mathstrutbox@=\box52
\strutbox@=\box53
LaTeX Info: Redefining \big on input line 721.
LaTeX Info: Redefining \Big on input line 722.
LaTeX Info: Redefining \bigg on input line 723.
LaTeX Info: Redefining \Bigg on input line 724.
\big@size=\dimen152
LaTeX Font Info:    Redeclaring font encoding OML on input line 742.
LaTeX Font Info:    Redeclaring font encoding OMS on input line 743.
\macc@depth=\count274
LaTeX Info: Redefining \bmod on input line 904.
LaTeX Info: Redefining \pmod on input line 909.
LaTeX Info: Redefining \smash on input line 939.
LaTeX Info: Redefining \relbar on input line 969.
LaTeX Info: Redefining \Relbar on input line 970.
\c@MaxMatrixCols=\count275
\dotsspace@=\muskip17
\c@parentequation=\count276
\dspbrk@lvl=\count277
\tag@help=\toks20
\row@=\count278
\column@=\count279
\maxfields@=\count280
\andhelp@=\toks21
\eqnshift@=\dimen153
\alignsep@=\dimen154
\tagshift@=\dimen155
\tagwidth@=\dimen156
\totwidth@=\dimen157
\lineht@=\dimen158
\@envbody=\toks22
\multlinegap=\skip52
\multlinetaggap=\skip53
\mathdisplay@stack=\toks23
LaTeX Info: Redefining \[ on input line 2953.
LaTeX Info: Redefining \] on input line 2954.
) (d:/texlive/2025/texmf-dist/tex/latex/amsfonts/amssymb.sty
Package: amssymb 2013/01/14 v3.01 AMS font symbols
(d:/texlive/2025/texmf-dist/tex/latex/amsfonts/amsfonts.sty
Package: amsfonts 2013/01/14 v3.01 Basic AMSFonts support
\symAMSa=\mathgroup4
\symAMSb=\mathgroup5
LaTeX Font Info:    Redeclaring math symbol \hbar on input line 98.
LaTeX Font Info:    Overwriting math alphabet `\mathfrak' in version `bold'
(Font)                  U/euf/m/n --> U/euf/b/n on input line 106.
)) (d:/texlive/2025/texmf-dist/tex/latex/unicode-math/unicode-math.sty (d:/texl
ive/2025/texmf-dist/tex/latex/l3kernel/expl3.sty
Package: expl3 2025-01-18 L3 programming layer (loader) 
(d:/texlive/2025/texmf-dist/tex/latex/l3backend/l3backend-xetex.def
File: l3backend-xetex.def 2024-05-08 L3 backend support: XeTeX
\g__graphics_track_int=\count281
\l__pdf_internal_box=\box54
\g__pdf_backend_annotation_int=\count282
\g__pdf_backend_link_int=\count283
))
Package: unicode-math 2023/08/13 v0.8r Unicode maths in XeLaTeX and LuaLaTeX
(d:/texlive/2025/texmf-dist/tex/latex/unicode-math/unicode-math-xetex.sty
Package: unicode-math-xetex 2023/08/13 v0.8r Unicode maths in XeLaTeX and LuaLa
TeX
(d:/texlive/2025/texmf-dist/tex/latex/l3packages/xparse/xparse.sty
Package: xparse 2024-08-16 L3 Experimental document command parser
) (d:/texlive/2025/texmf-dist/tex/latex/l3packages/l3keys2e/l3keys2e.sty
Package: l3keys2e 2024-08-16 LaTeX2e option processing using LaTeX3 keys
) (d:/texlive/2025/texmf-dist/tex/latex/fontspec/fontspec.sty
Package: fontspec 2024/05/11 v2.9e Font selection for XeLaTeX and LuaLaTeX
(d:/texlive/2025/texmf-dist/tex/latex/fontspec/fontspec-xetex.sty
Package: fontspec-xetex 2024/05/11 v2.9e Font selection for XeLaTeX and LuaLaTe
X
\l__fontspec_script_int=\count284
\l__fontspec_language_int=\count285
\l__fontspec_strnum_int=\count286
\l__fontspec_tmp_int=\count287
\l__fontspec_tmpa_int=\count288
\l__fontspec_tmpb_int=\count289
\l__fontspec_tmpc_int=\count290
\l__fontspec_em_int=\count291
\l__fontspec_emdef_int=\count292
\l__fontspec_strong_int=\count293
\l__fontspec_strongdef_int=\count294
\l__fontspec_tmpa_dim=\dimen159
\l__fontspec_tmpb_dim=\dimen160
\l__fontspec_tmpc_dim=\dimen161
(d:/texlive/2025/texmf-dist/tex/latex/base/fontenc.sty
Package: fontenc 2021/04/29 v2.0v Standard LaTeX package
) (d:/texlive/2025/texmf-dist/tex/latex/fontspec/fontspec.cfg))) (d:/texlive/20
25/texmf-dist/tex/latex/base/fix-cm.sty
Package: fix-cm 2020/11/24 v1.1t fixes to LaTeX
(d:/texlive/2025/texmf-dist/tex/latex/base/ts1enc.def
File: ts1enc.def 2001/06/05 v3.0e (jk/car/fm) Standard LaTeX file
LaTeX Font Info:    Redeclaring font encoding TS1 on input line 47.
))
\g__um_fam_int=\count295
\g__um_fonts_used_int=\count296
\l__um_primecount_int=\count297
\g__um_primekern_muskip=\muskip18
(d:/texlive/2025/texmf-dist/tex/latex/unicode-math/unicode-math-table.tex))) (d
:/texlive/2025/texmf-dist/tex/latex/lm/lmodern.sty
Package: lmodern 2015/05/01 v1.6.1 Latin Modern Fonts
LaTeX Font Info:    Overwriting symbol font `operators' in version `normal'
(Font)                  OT1/cmr/m/n --> OT1/lmr/m/n on input line 22.
LaTeX Font Info:    Overwriting symbol font `letters' in version `normal'
(Font)                  OML/cmm/m/it --> OML/lmm/m/it on input line 23.
LaTeX Font Info:    Overwriting symbol font `symbols' in version `normal'
(Font)                  OMS/cmsy/m/n --> OMS/lmsy/m/n on input line 24.
LaTeX Font Info:    Overwriting symbol font `largesymbols' in version `normal'
(Font)                  OMX/cmex/m/n --> OMX/lmex/m/n on input line 25.
LaTeX Font Info:    Overwriting symbol font `operators' in version `bold'
(Font)                  OT1/cmr/bx/n --> OT1/lmr/bx/n on input line 26.
LaTeX Font Info:    Overwriting symbol font `letters' in version `bold'
(Font)                  OML/cmm/b/it --> OML/lmm/b/it on input line 27.
LaTeX Font Info:    Overwriting symbol font `symbols' in version `bold'
(Font)                  OMS/cmsy/b/n --> OMS/lmsy/b/n on input line 28.
LaTeX Font Info:    Overwriting symbol font `largesymbols' in version `bold'
(Font)                  OMX/cmex/m/n --> OMX/lmex/m/n on input line 29.
LaTeX Font Info:    Overwriting math alphabet `\mathbf' in version `normal'
(Font)                  OT1/cmr/bx/n --> OT1/lmr/bx/n on input line 31.
LaTeX Font Info:    Overwriting math alphabet `\mathsf' in version `normal'
(Font)                  OT1/cmss/m/n --> OT1/lmss/m/n on input line 32.
LaTeX Font Info:    Overwriting math alphabet `\mathit' in version `normal'
(Font)                  OT1/cmr/m/it --> OT1/lmr/m/it on input line 33.
LaTeX Font Info:    Overwriting math alphabet `\mathtt' in version `normal'
(Font)                  OT1/cmtt/m/n --> OT1/lmtt/m/n on input line 34.
LaTeX Font Info:    Overwriting math alphabet `\mathbf' in version `bold'
(Font)                  OT1/cmr/bx/n --> OT1/lmr/bx/n on input line 35.
LaTeX Font Info:    Overwriting math alphabet `\mathsf' in version `bold'
(Font)                  OT1/cmss/bx/n --> OT1/lmss/bx/n on input line 36.
LaTeX Font Info:    Overwriting math alphabet `\mathit' in version `bold'
(Font)                  OT1/cmr/bx/it --> OT1/lmr/bx/it on input line 37.
LaTeX Font Info:    Overwriting math alphabet `\mathtt' in version `bold'
(Font)                  OT1/cmtt/m/n --> OT1/lmtt/m/n on input line 38.
) (d:/texlive/2025/texmf-dist/tex/latex/upquote/upquote.sty
Package: upquote 2012/04/19 v1.3 upright-quote and grave-accent glyphs in verba
tim
(d:/texlive/2025/texmf-dist/tex/latex/base/textcomp.sty
Package: textcomp 2024/04/24 v2.1b Standard LaTeX package
)) (d:/texlive/2025/texmf-dist/tex/latex/microtype/microtype.sty
Package: microtype 2025/02/11 v3.2a Micro-typographical refinements (RS)
(d:/texlive/2025/texmf-dist/tex/latex/etoolbox/etoolbox.sty
Package: etoolbox 2025/02/11 v2.5l e-TeX tools for LaTeX (JAW)
\etb@tempcnta=\count298
)
\MT@toks=\toks24
\MT@tempbox=\box55
\MT@count=\count299
LaTeX Info: Redefining \noprotrusionifhmode on input line 1087.
LaTeX Info: Redefining \leftprotrusion on input line 1088.
\MT@prot@toks=\toks25
LaTeX Info: Redefining \rightprotrusion on input line 1107.
LaTeX Info: Redefining \textls on input line 1449.
\MT@outer@kern=\dimen162
LaTeX Info: Redefining \microtypecontext on input line 2053.
LaTeX Info: Redefining \textmicrotypecontext on input line 2070.
\MT@listname@count=\count300
(d:/texlive/2025/texmf-dist/tex/latex/microtype/microtype-xetex.def
File: microtype-xetex.def 2025/02/11 v3.2a Definitions specific to xetex (RS)
LaTeX Info: Redefining \lsstyle on input line 443.
LaTeX Info: Redefining \lslig on input line 451.
\MT@outer@space=\skip54
)
Package microtype Info: Loading configuration file microtype.cfg.
(d:/texlive/2025/texmf-dist/tex/latex/microtype/microtype.cfg
File: microtype.cfg 2025/02/11 v3.2a microtype main configuration file (RS)
)
LaTeX Info: Redefining \microtypesetup on input line 3065.
) (d:/texlive/2025/texmf-dist/tex/latex/parskip/parskip.sty
Package: parskip 2021-03-14 v2.0h non-zero parskip adjustments
(d:/texlive/2025/texmf-dist/tex/latex/kvoptions/kvoptions.sty
Package: kvoptions 2022-06-15 v3.15 Key value format for package options (HO)
(d:/texlive/2025/texmf-dist/tex/generic/ltxcmds/ltxcmds.sty
Package: ltxcmds 2023-12-04 v1.26 LaTeX kernel commands for general use (HO)
) (d:/texlive/2025/texmf-dist/tex/latex/kvsetkeys/kvsetkeys.sty
Package: kvsetkeys 2022-10-05 v1.19 Key value parser (HO)
))) (d:/texlive/2025/texmf-dist/tex/latex/fancyvrb/fancyvrb.sty
Package: fancyvrb 2024/01/20 4.5c verbatim text (tvz,hv)
\FV@CodeLineNo=\count301
\FV@InFile=\read2
\FV@TabBox=\box56
\c@FancyVerbLine=\count302
\FV@StepNumber=\count303
\FV@OutFile=\write3
) (d:/texlive/2025/texmf-dist/tex/latex/framed/framed.sty
Package: framed 2011/10/22 v 0.96: framed or shaded text with page breaks
\OuterFrameSep=\skip55
\fb@frw=\dimen163
\fb@frh=\dimen164
\FrameRule=\dimen165
\FrameSep=\dimen166
) (d:/texlive/2025/texmf-dist/tex/latex/graphics/graphicx.sty
Package: graphicx 2021/09/16 v1.2d Enhanced LaTeX Graphics (DPC,SPQR)
(d:/texlive/2025/texmf-dist/tex/latex/graphics/graphics.sty
Package: graphics 2024/08/06 v1.4g Standard LaTeX Graphics (DPC,SPQR)
(d:/texlive/2025/texmf-dist/tex/latex/graphics/trig.sty
Package: trig 2023/12/02 v1.11 sin cos tan (DPC)
) (d:/texlive/2025/texmf-dist/tex/latex/graphics-cfg/graphics.cfg
File: graphics.cfg 2016/06/04 v1.11 sample graphics configuration
)
Package graphics Info: Driver file: xetex.def on input line 106.
)
\Gin@req@height=\dimen167
\Gin@req@width=\dimen168
)
\pandoc@box=\box57
(d:/texlive/2025/texmf-dist/tex/latex/bookmark/bookmark.sty
Package: bookmark 2023-12-10 v1.31 PDF bookmarks (HO)
(d:/texlive/2025/texmf-dist/tex/latex/hyperref/hyperref.sty
Package: hyperref 2024-11-05 v7.01l Hypertext links for LaTeX
(d:/texlive/2025/texmf-dist/tex/generic/kvdefinekeys/kvdefinekeys.sty
Package: kvdefinekeys 2019-12-19 v1.6 Define keys (HO)
) (d:/texlive/2025/texmf-dist/tex/generic/pdfescape/pdfescape.sty
Package: pdfescape 2019/12/09 v1.15 Implements pdfTeX's escape features (HO)
(d:/texlive/2025/texmf-dist/tex/generic/pdftexcmds/pdftexcmds.sty
Package: pdftexcmds 2020-06-27 v0.33 Utility functions of pdfTeX for LuaTeX (HO
)
(d:/texlive/2025/texmf-dist/tex/generic/infwarerr/infwarerr.sty
Package: infwarerr 2019/12/03 v1.5 Providing info/warning/error messages (HO)
)
Package pdftexcmds Info: \pdf@primitive is available.
Package pdftexcmds Info: \pdf@ifprimitive is available.
Package pdftexcmds Info: \pdfdraftmode not found.
)) (d:/texlive/2025/texmf-dist/tex/latex/hycolor/hycolor.sty
Package: hycolor 2020-01-27 v1.10 Color options for hyperref/bookmark (HO)
) (d:/texlive/2025/texmf-dist/tex/latex/hyperref/nameref.sty
Package: nameref 2023-11-26 v2.56 Cross-referencing by name of section
(d:/texlive/2025/texmf-dist/tex/latex/refcount/refcount.sty
Package: refcount 2019/12/15 v3.6 Data extraction from label references (HO)
) (d:/texlive/2025/texmf-dist/tex/generic/gettitlestring/gettitlestring.sty
Package: gettitlestring 2019/12/15 v1.6 Cleanup title references (HO)
)
\c@section@level=\count304
) (d:/texlive/2025/texmf-dist/tex/generic/stringenc/stringenc.sty
Package: stringenc 2019/11/29 v1.12 Convert strings between diff. encodings (HO
)
)
\@linkdim=\dimen169
\Hy@linkcounter=\count305
\Hy@pagecounter=\count306
(d:/texlive/2025/texmf-dist/tex/latex/hyperref/pd1enc.def
File: pd1enc.def 2024-11-05 v7.01l Hyperref: PDFDocEncoding definition (HO)
) (d:/texlive/2025/texmf-dist/tex/generic/intcalc/intcalc.sty
Package: intcalc 2019/12/15 v1.3 Expandable calculations with integers (HO)
)
\Hy@SavedSpaceFactor=\count307
(d:/texlive/2025/texmf-dist/tex/latex/hyperref/puenc.def
File: puenc.def 2024-11-05 v7.01l Hyperref: PDF Unicode definition (HO)
)
Package hyperref Info: Option `unicode' set `true' on input line 4040.
Package hyperref Info: Hyper figures OFF on input line 4157.
Package hyperref Info: Link nesting OFF on input line 4162.
Package hyperref Info: Hyper index ON on input line 4165.
Package hyperref Info: Plain pages OFF on input line 4172.
Package hyperref Info: Backreferencing OFF on input line 4177.
Package hyperref Info: Implicit mode ON; LaTeX internals redefined.
Package hyperref Info: Bookmarks ON on input line 4424.
\c@Hy@tempcnt=\count308
(d:/texlive/2025/texmf-dist/tex/latex/url/url.sty
\Urlmuskip=\muskip19
Package: url 2013/09/16  ver 3.4  Verb mode for urls, etc.
)
LaTeX Info: Redefining \url on input line 4763.
\XeTeXLinkMargin=\dimen170
(d:/texlive/2025/texmf-dist/tex/generic/bitset/bitset.sty
Package: bitset 2019/12/09 v1.3 Handle bit-vector datatype (HO)
(d:/texlive/2025/texmf-dist/tex/generic/bigintcalc/bigintcalc.sty
Package: bigintcalc 2019/12/15 v1.5 Expandable calculations on big integers (HO
)
))
\Fld@menulength=\count309
\Field@Width=\dimen171
\Fld@charsize=\dimen172
Package hyperref Info: Hyper figures OFF on input line 6042.
Package hyperref Info: Link nesting OFF on input line 6047.
Package hyperref Info: Hyper index ON on input line 6050.
Package hyperref Info: backreferencing OFF on input line 6057.
Package hyperref Info: Link coloring OFF on input line 6062.
Package hyperref Info: Link coloring with OCG OFF on input line 6067.
Package hyperref Info: PDF/A mode OFF on input line 6072.
(d:/texlive/2025/texmf-dist/tex/latex/base/atbegshi-ltx.sty
Package: atbegshi-ltx 2021/01/10 v1.0c Emulation of the original atbegshi
package with kernel methods
)
\Hy@abspage=\count310
\c@Item=\count311
\c@Hfootnote=\count312
)
Package hyperref Info: Driver (autodetected): hxetex.
(d:/texlive/2025/texmf-dist/tex/latex/hyperref/hxetex.def
File: hxetex.def 2024-11-05 v7.01l Hyperref driver for XeTeX
\pdfm@box=\box58
\c@Hy@AnnotLevel=\count313
\HyField@AnnotCount=\count314
\Fld@listcount=\count315
\c@bookmark@seq@number=\count316
(d:/texlive/2025/texmf-dist/tex/latex/rerunfilecheck/rerunfilecheck.sty
Package: rerunfilecheck 2022-07-10 v1.10 Rerun checks for auxiliary files (HO)
(d:/texlive/2025/texmf-dist/tex/latex/base/atveryend-ltx.sty
Package: atveryend-ltx 2020/08/19 v1.0a Emulation of the original atveryend pac
kage
with kernel methods
) (d:/texlive/2025/texmf-dist/tex/generic/uniquecounter/uniquecounter.sty
Package: uniquecounter 2019/12/15 v1.4 Provide unlimited unique counter (HO)
)
Package uniquecounter Info: New unique counter `rerunfilecheck' on input line 2
85.
)
\Hy@SectionHShift=\skip56
) (d:/texlive/2025/texmf-dist/tex/latex/bookmark/bkm-dvipdfm.def
File: bkm-dvipdfm.def 2023-12-10 v1.31 bookmark driver for dvipdfm (HO)
\BKM@id=\count317
)) (d:/texlive/2025/texmf-dist/tex/latex/xurl/xurl.sty
Package: xurl 2022/01/09 v 0.10 modify URL breaks
) (./report.aux)
\openout1 = `report.aux'.

LaTeX Font Info:    Checking defaults for OML/cmm/m/it on input line 111.
LaTeX Font Info:    ... okay on input line 111.
LaTeX Font Info:    Checking defaults for OMS/cmsy/m/n on input line 111.
LaTeX Font Info:    ... okay on input line 111.
LaTeX Font Info:    Checking defaults for OT1/cmr/m/n on input line 111.
LaTeX Font Info:    ... okay on input line 111.
LaTeX Font Info:    Checking defaults for T1/cmr/m/n on input line 111.
LaTeX Font Info:    ... okay on input line 111.
LaTeX Font Info:    Checking defaults for TS1/cmr/m/n on input line 111.
LaTeX Font Info:    ... okay on input line 111.
LaTeX Font Info:    Checking defaults for TU/lmr/m/n on input line 111.
LaTeX Font Info:    ... okay on input line 111.
LaTeX Font Info:    Checking defaults for OMX/cmex/m/n on input line 111.
LaTeX Font Info:    ... okay on input line 111.
LaTeX Font Info:    Checking defaults for U/cmr/m/n on input line 111.
LaTeX Font Info:    ... okay on input line 111.
LaTeX Font Info:    Checking defaults for PD1/pdf/m/n on input line 111.
LaTeX Font Info:    ... okay on input line 111.
LaTeX Font Info:    Checking defaults for PU/pdf/m/n on input line 111.
LaTeX Font Info:    ... okay on input line 111.
*geometry* driver: auto-detecting
*geometry* detected driver: xetex
*geometry* verbose mode - [ preamble ] result:
* driver: xetex
* paper: <default>
* layout: <same size as paper>
* layoutoffset:(h,v)=(0.0pt,0.0pt)
* modes: 
* h-part:(L,W,R)=(72.26999pt, 469.75502pt, 72.26999pt)
* v-part:(T,H,B)=(72.26999pt, 650.43001pt, 72.26999pt)
* \paperwidth=614.295pt
* \paperheight=794.96999pt
* \textwidth=469.75502pt
* \textheight=650.43001pt
* \oddsidemargin=0.0pt
* \evensidemargin=0.0pt
* \topmargin=-37.0pt
* \headheight=12.0pt
* \headsep=25.0pt
* \topskip=10.0pt
* \footskip=30.0pt
* \marginparwidth=65.0pt
* \marginparsep=11.0pt
* \columnsep=10.0pt
* \skip\footins=9.0pt plus 4.0pt minus 2.0pt
* \hoffset=0.0pt
* \voffset=0.0pt
* \mag=1000
* \@twocolumnfalse
* \@twosidefalse
* \@mparswitchfalse
* \@reversemarginfalse
* (1in=72.27pt=25.4mm, 1cm=28.453pt)

LaTeX Font Info:    Overwriting math alphabet `\mathrm' in version `normal'
(Font)                  OT1/lmr/m/n --> TU/lmr/m/n on input line 111.
LaTeX Font Info:    Overwriting math alphabet `\mathit' in version `normal'
(Font)                  OT1/lmr/m/it --> TU/lmr/m/it on input line 111.
LaTeX Font Info:    Overwriting math alphabet `\mathbf' in version `normal'
(Font)                  OT1/lmr/bx/n --> TU/lmr/bx/n on input line 111.
LaTeX Font Info:    Overwriting math alphabet `\mathsf' in version `normal'
(Font)                  OT1/lmss/m/n --> TU/lmss/m/n on input line 111.
LaTeX Font Info:    Overwriting math alphabet `\mathsf' in version `bold'
(Font)                  OT1/lmss/bx/n --> TU/lmss/bx/n on input line 111.
LaTeX Font Info:    Overwriting math alphabet `\mathtt' in version `normal'
(Font)                  OT1/lmtt/m/n --> TU/lmtt/m/n on input line 111.
LaTeX Font Info:    Overwriting math alphabet `\mathtt' in version `bold'
(Font)                  OT1/lmtt/m/n --> TU/lmtt/bx/n on input line 111.

Package fontspec Info: 
(fontspec)             latinmodern-math scale = 0.9999964596882403.


Package fontspec Info: 
(fontspec)             latinmodern-math scale = 0.9999964596882403.


Package fontspec Info: 
(fontspec)             latinmodern-math scale = 0.9999964596882403.


Package fontspec Info: 
(fontspec)             Font family 'latinmodern-math.otf(0)' created for font
(fontspec)             'latinmodern-math.otf' with options
(fontspec)             [Scale=MatchLowercase,BoldItalicFont={},ItalicFont={},Sm
allCapsFont={},Script=Math,BoldFont={latinmodern-math.otf}].
(fontspec)              
(fontspec)              This font family consists of the following NFSS
(fontspec)             series/shapes:
(fontspec)              
(fontspec)             - 'normal' (m/n) with NFSS spec.:
(fontspec)             <->s*[0.9999964596882403]"[latinmodern-math.otf]/OT:scri
pt=math;language=dflt;"
(fontspec)             - 'bold' (b/n) with NFSS spec.:
(fontspec)             <->s*[0.9999964596882403]"[latinmodern-math.otf]/OT:scri
pt=math;language=dflt;"

LaTeX Font Info:    Font shape `TU/latinmodern-math.otf(0)/m/n' will be
(Font)              scaled to size 10.0pt on input line 111.

Package fontspec Info: 
(fontspec)             latinmodern-math scale = 0.9999964596882403.


Package fontspec Info: 
(fontspec)             latinmodern-math scale = 0.9999964596882403.


Package fontspec Info: 
(fontspec)             latinmodern-math scale = 0.9999964596882403.


Package fontspec Info: 
(fontspec)             latinmodern-math scale = 0.9999964596882403.


Package fontspec Info: 
(fontspec)             latinmodern-math scale = 0.9999964596882403.


Package fontspec Info: 
(fontspec)             Font family 'latinmodern-math.otf(1)' created for font
(fontspec)             'latinmodern-math.otf' with options
(fontspec)             [Scale=MatchLowercase,BoldItalicFont={},ItalicFont={},Sm
allCapsFont={},Script=Math,SizeFeatures={{Size=8.5-},{Size=6-8.5,Font=latinmode
rn-math.otf,Style=MathScript},{Size=-6,Font=latinmodern-math.otf,Style=MathScri
ptScript}},BoldFont={latinmodern-math.otf}].
(fontspec)              
(fontspec)              This font family consists of the following NFSS
(fontspec)             series/shapes:
(fontspec)              
(fontspec)             - 'normal' (m/n) with NFSS spec.:
(fontspec)             <8.5->s*[0.9999964596882403]"[latinmodern-math.otf]/OT:s
cript=math;language=dflt;"<6-8.5>s*[0.9999964596882403]"[latinmodern-math.otf]/
OT:script=math;language=dflt;+ssty=0;"<-6>s*[0.9999964596882403]"[latinmodern-m
ath.otf]/OT:script=math;language=dflt;+ssty=1;"
(fontspec)             - 'bold' (b/n) with NFSS spec.:
(fontspec)             <->s*[0.9999964596882403]"[latinmodern-math.otf]/OT:scri
pt=math;language=dflt;"

LaTeX Font Info:    Font shape `TU/latinmodern-math.otf(1)/m/n' will be
(Font)              scaled to size 10.0pt on input line 111.
LaTeX Font Info:    Encoding `OT1' has changed to `TU' for symbol font
(Font)              `operators' in the math version `normal' on input line 111.

LaTeX Font Info:    Overwriting symbol font `operators' in version `normal'
(Font)                  OT1/lmr/m/n --> TU/latinmodern-math.otf(1)/m/n on input
 line 111.
LaTeX Font Info:    Encoding `OT1' has changed to `TU' for symbol font
(Font)              `operators' in the math version `bold' on input line 111.
LaTeX Font Info:    Overwriting symbol font `operators' in version `bold'
(Font)                  OT1/lmr/bx/n --> TU/latinmodern-math.otf(1)/b/n on inpu
t line 111.

Package fontspec Info: 
(fontspec)             latinmodern-math scale = 0.9999964596882403.


Package fontspec Info: 
(fontspec)             latinmodern-math scale = 1.000096459334209.


Package fontspec Info: 
(fontspec)             latinmodern-math scale = 0.9999964596882403.


Package fontspec Info: 
(fontspec)             latinmodern-math scale = 1.000096459334209.


Package fontspec Info: 
(fontspec)             latinmodern-math scale = 0.9999964596882403.


Package fontspec Info: 
(fontspec)             latinmodern-math scale = 1.000096459334209.


Package fontspec Info: 
(fontspec)             latinmodern-math scale = 0.9999964596882403.


Package fontspec Info: 
(fontspec)             latinmodern-math scale = 1.000096459334209.


Package fontspec Info: 
(fontspec)             latinmodern-math scale = 0.9999964596882403.


Package fontspec Info: 
(fontspec)             latinmodern-math scale = 1.000096459334209.


Package fontspec Info: 
(fontspec)             Font family 'latinmodern-math.otf(2)' created for font
(fontspec)             'latinmodern-math.otf' with options
(fontspec)             [Scale=MatchLowercase,BoldItalicFont={},ItalicFont={},Sm
allCapsFont={},Script=Math,SizeFeatures={{Size=8.5-},{Size=6-8.5,Font=latinmode
rn-math.otf,Style=MathScript},{Size=-6,Font=latinmodern-math.otf,Style=MathScri
ptScript}},BoldFont={latinmodern-math.otf},ScaleAgain=1.0001,FontAdjustment={\f
ontdimen
(fontspec)             8\font =6.77pt\relax \fontdimen 9\font =3.94pt\relax
(fontspec)             \fontdimen 10\font =4.44pt\relax \fontdimen 11\font
(fontspec)             =6.86pt\relax \fontdimen 12\font =3.45pt\relax
(fontspec)             \fontdimen 13\font =3.63pt\relax \fontdimen 14\font
(fontspec)             =3.63pt\relax \fontdimen 15\font =2.89pt\relax
(fontspec)             \fontdimen 16\font =2.47pt\relax \fontdimen 17\font
(fontspec)             =2.47pt\relax \fontdimen 18\font =2.5pt\relax
(fontspec)             \fontdimen 19\font =2.0pt\relax \fontdimen 22\font
(fontspec)             =2.5pt\relax \fontdimen 20\font =0pt\relax \fontdimen
(fontspec)             21\font =0pt\relax }].
(fontspec)              
(fontspec)              This font family consists of the following NFSS
(fontspec)             series/shapes:
(fontspec)              
(fontspec)             - 'normal' (m/n) with NFSS spec.:
(fontspec)             <8.5->s*[1.000096459334209]"[latinmodern-math.otf]/OT:sc
ript=math;language=dflt;"<6-8.5>s*[1.000096459334209]"[latinmodern-math.otf]/OT
:script=math;language=dflt;+ssty=0;"<-6>s*[1.000096459334209]"[latinmodern-math
.otf]/OT:script=math;language=dflt;+ssty=1;"
(fontspec)             - 'bold' (b/n) with NFSS spec.:
(fontspec)             <->s*[1.000096459334209]"[latinmodern-math.otf]/OT:scrip
t=math;language=dflt;"

LaTeX Font Info:    Encoding `OMS' has changed to `TU' for symbol font
(Font)              `symbols' in the math version `normal' on input line 111.
LaTeX Font Info:    Overwriting symbol font `symbols' in version `normal'
(Font)                  OMS/lmsy/m/n --> TU/latinmodern-math.otf(2)/m/n on inpu
t line 111.
LaTeX Font Info:    Encoding `OMS' has changed to `TU' for symbol font
(Font)              `symbols' in the math version `bold' on input line 111.
LaTeX Font Info:    Overwriting symbol font `symbols' in version `bold'
(Font)                  OMS/lmsy/b/n --> TU/latinmodern-math.otf(2)/b/n on inpu
t line 111.

Package fontspec Info: 
(fontspec)             latinmodern-math scale = 0.9999964596882403.


Package fontspec Info: 
(fontspec)             latinmodern-math scale = 0.9998964600422715.


Package fontspec Info: 
(fontspec)             latinmodern-math scale = 0.9999964596882403.


Package fontspec Info: 
(fontspec)             latinmodern-math scale = 0.9998964600422715.


Package fontspec Info: 
(fontspec)             latinmodern-math scale = 0.9999964596882403.


Package fontspec Info: 
(fontspec)             latinmodern-math scale = 0.9998964600422715.


Package fontspec Info: 
(fontspec)             latinmodern-math scale = 0.9999964596882403.


Package fontspec Info: 
(fontspec)             latinmodern-math scale = 0.9998964600422715.


Package fontspec Info: 
(fontspec)             latinmodern-math scale = 0.9999964596882403.


Package fontspec Info: 
(fontspec)             latinmodern-math scale = 0.9998964600422715.


Package fontspec Info: 
(fontspec)             Font family 'latinmodern-math.otf(3)' created for font
(fontspec)             'latinmodern-math.otf' with options
(fontspec)             [Scale=MatchLowercase,BoldItalicFont={},ItalicFont={},Sm
allCapsFont={},Script=Math,SizeFeatures={{Size=8.5-},{Size=6-8.5,Font=latinmode
rn-math.otf,Style=MathScript},{Size=-6,Font=latinmodern-math.otf,Style=MathScri
ptScript}},BoldFont={latinmodern-math.otf},ScaleAgain=0.9999,FontAdjustment={\f
ontdimen
(fontspec)             8\font =0.4pt\relax \fontdimen 9\font =2.0pt\relax
(fontspec)             \fontdimen 10\font =1.67pt\relax \fontdimen 11\font
(fontspec)             =1.11pt\relax \fontdimen 12\font =6.0pt\relax
(fontspec)             \fontdimen 13\font =0pt\relax }].
(fontspec)              
(fontspec)              This font family consists of the following NFSS
(fontspec)             series/shapes:
(fontspec)              
(fontspec)             - 'normal' (m/n) with NFSS spec.:
(fontspec)             <8.5->s*[0.9998964600422715]"[latinmodern-math.otf]/OT:s
cript=math;language=dflt;"<6-8.5>s*[0.9998964600422715]"[latinmodern-math.otf]/
OT:script=math;language=dflt;+ssty=0;"<-6>s*[0.9998964600422715]"[latinmodern-m
ath.otf]/OT:script=math;language=dflt;+ssty=1;"
(fontspec)             - 'bold' (b/n) with NFSS spec.:
(fontspec)             <->s*[0.9998964600422715]"[latinmodern-math.otf]/OT:scri
pt=math;language=dflt;"

LaTeX Font Info:    Encoding `OMX' has changed to `TU' for symbol font
(Font)              `largesymbols' in the math version `normal' on input line 1
11.
LaTeX Font Info:    Overwriting symbol font `largesymbols' in version `normal'
(Font)                  OMX/lmex/m/n --> TU/latinmodern-math.otf(3)/m/n on inpu
t line 111.
LaTeX Font Info:    Encoding `OMX' has changed to `TU' for symbol font
(Font)              `largesymbols' in the math version `bold' on input line 111
.
LaTeX Font Info:    Overwriting symbol font `largesymbols' in version `bold'
(Font)                  OMX/lmex/m/n --> TU/latinmodern-math.otf(3)/b/n on inpu
t line 111.
LaTeX Info: Redefining \microtypecontext on input line 111.
Package microtype Info: Applying patch `item' on input line 111.
Package microtype Info: Applying patch `toc' on input line 111.
Package microtype Info: Applying patch `eqnum' on input line 111.
Package microtype Info: Applying patch `footnote' on input line 111.
Package microtype Info: Applying patch `verbatim' on input line 111.
LaTeX Info: Redefining \microtypesetup on input line 111.
Package microtype Info: Character protrusion enabled (level 2).
Package microtype Info: Using protrusion set `basicmath'.
Package microtype Info: No adjustment of tracking.
Package microtype Info: No adjustment of spacing.
Package microtype Info: No adjustment of kerning.
(d:/texlive/2025/texmf-dist/tex/latex/microtype/mt-LatinModernRoman.cfg
File: mt-LatinModernRoman.cfg 2021/02/21 v1.1 microtype config. file: Latin Mod
ern Roman (RS)
)
Package hyperref Info: Link coloring OFF on input line 111.
Missing character: There is no 网 (U+7F51) in font [lmroman17-regular]:mapping=t
ex-text;!
Missing character: There is no 易 (U+6613) in font [lmroman17-regular]:mapping=t
ex-text;!
Missing character: There is no 云 (U+4E91) in font [lmroman17-regular]:mapping=t
ex-text;!
Missing character: There is no 歌 (U+6B4C) in font [lmroman17-regular]:mapping=t
ex-text;!
Missing character: There is no 单 (U+5355) in font [lmroman17-regular]:mapping=t
ex-text;!
Missing character: There is no 数 (U+6570) in font [lmroman17-regular]:mapping=t
ex-text;!
Missing character: There is no 据 (U+636E) in font [lmroman17-regular]:mapping=t
ex-text;!
Missing character: There is no 分 (U+5206) in font [lmroman17-regular]:mapping=t
ex-text;!
Missing character: There is no 析 (U+6790) in font [lmroman17-regular]:mapping=t
ex-text;!
Missing character: There is no 报 (U+62A5) in font [lmroman17-regular]:mapping=t
ex-text;!
Missing character: There is no 告 (U+544A) in font [lmroman17-regular]:mapping=t
ex-text;!
LaTeX Font Info:    Font shape `TU/latinmodern-math.otf(1)/m/n' will be
(Font)              scaled to size 12.0pt on input line 113.
LaTeX Font Info:    Font shape `TU/latinmodern-math.otf(1)/m/n' will be
(Font)              scaled to size 8.0pt on input line 113.
LaTeX Font Info:    Font shape `TU/latinmodern-math.otf(1)/m/n' will be
(Font)              scaled to size 6.0pt on input line 113.
LaTeX Font Info:    Trying to load font information for OML+lmm on input line 1
13.
(d:/texlive/2025/texmf-dist/tex/latex/lm/omllmm.fd
File: omllmm.fd 2015/05/01 v1.6.1 Font defs for Latin Modern
)
LaTeX Font Info:    Font shape `TU/latinmodern-math.otf(2)/m/n' will be
(Font)              scaled to size 12.0011pt on input line 113.
LaTeX Font Info:    Font shape `TU/latinmodern-math.otf(2)/m/n' will be
(Font)              scaled to size 8.00073pt on input line 113.
LaTeX Font Info:    Font shape `TU/latinmodern-math.otf(2)/m/n' will be
(Font)              scaled to size 6.00055pt on input line 113.
LaTeX Font Info:    Font shape `TU/latinmodern-math.otf(3)/m/n' will be
(Font)              scaled to size 11.99872pt on input line 113.
LaTeX Font Info:    Font shape `TU/latinmodern-math.otf(3)/m/n' will be
(Font)              scaled to size 7.99915pt on input line 113.
LaTeX Font Info:    Font shape `TU/latinmodern-math.otf(3)/m/n' will be
(Font)              scaled to size 5.99936pt on input line 113.
LaTeX Font Info:    Trying to load font information for U+msa on input line 113
.
(d:/texlive/2025/texmf-dist/tex/latex/amsfonts/umsa.fd
File: umsa.fd 2013/01/14 v3.01 AMS symbols A
) (d:/texlive/2025/texmf-dist/tex/latex/microtype/mt-msa.cfg
File: mt-msa.cfg 2006/02/04 v1.1 microtype config. file: AMS symbols (a) (RS)
)
LaTeX Font Info:    Trying to load font information for U+msb on input line 113
.
(d:/texlive/2025/texmf-dist/tex/latex/amsfonts/umsb.fd
File: umsb.fd 2013/01/14 v3.01 AMS symbols B
) (d:/texlive/2025/texmf-dist/tex/latex/microtype/mt-msb.cfg
File: mt-msb.cfg 2005/06/01 v1.0 microtype config. file: AMS symbols (b) (RS)
)
Missing character: There is no ， (U+FF0C) in font [lmroman12-regular]:mapping=t
ex-text;!
Missing character: There is no 项 (U+9879) in font [lmroman12-bold]:mapping=tex-
text;!
Missing character: There is no 目 (U+76EE) in font [lmroman12-bold]:mapping=tex-
text;!
Missing character: There is no 背 (U+80CC) in font [lmroman12-bold]:mapping=tex-
text;!
Missing character: There is no 景 (U+666F) in font [lmroman12-bold]:mapping=tex-
text;!
Missing character: There is no 与 (U+4E0E) in font [lmroman12-bold]:mapping=tex-
text;!
Missing character: There is no 研 (U+7814) in font [lmroman12-bold]:mapping=tex-
text;!
Missing character: There is no 究 (U+7A76) in font [lmroman12-bold]:mapping=tex-
text;!
Missing character: There is no 意 (U+610F) in font [lmroman12-bold]:mapping=tex-
text;!
Missing character: There is no 义 (U+4E49) in font [lmroman12-bold]:mapping=tex-
text;!
Missing character: There is no 在 (U+5728) in font [lmroman10-regular]:mapping=t
ex-text;!
Missing character: There is no 算 (U+7B97) in font [lmroman10-regular]:mapping=t
ex-text;!
Missing character: There is no 法 (U+6CD5) in font [lmroman10-regular]:mapping=t
ex-text;!
Missing character: There is no 推 (U+63A8) in font [lmroman10-regular]:mapping=t
ex-text;!
Missing character: There is no 荐 (U+8350) in font [lmroman10-regular]:mapping=t
ex-text;!
Missing character: There is no 时 (U+65F6) in font [lmroman10-regular]:mapping=t
ex-text;!
Missing character: There is no 代 (U+4EE3) in font [lmroman10-regular]:mapping=t
ex-text;!
Missing character: There is no ， (U+FF0C) in font [lmroman10-regular]:mapping=t
ex-text;!
Missing character: There is no 歌 (U+6B4C) in font [lmroman10-regular]:mapping=t
ex-text;!
Missing character: There is no 单 (U+5355) in font [lmroman10-regular]:mapping=t
ex-text;!
Missing character: There is no 不 (U+4E0D) in font [lmroman10-regular]:mapping=t
ex-text;!
Missing character: There is no 仅 (U+4EC5) in font [lmroman10-regular]:mapping=t
ex-text;!
Missing character: There is no 是 (U+662F) in font [lmroman10-regular]:mapping=t
ex-text;!
Missing character: There is no 音 (U+97F3) in font [lmroman10-regular]:mapping=t
ex-text;!
Missing character: There is no 乐 (U+4E50) in font [lmroman10-regular]:mapping=t
ex-text;!
Missing character: There is no 的 (U+7684) in font [lmroman10-regular]:mapping=t
ex-text;!
Missing character: There is no 集 (U+96C6) in font [lmroman10-regular]:mapping=t
ex-text;!
Missing character: There is no 合 (U+5408) in font [lmroman10-regular]:mapping=t
ex-text;!
Missing character: There is no ， (U+FF0C) in font [lmroman10-regular]:mapping=t
ex-text;!
Missing character: There is no 更 (U+66F4) in font [lmroman10-regular]:mapping=t
ex-text;!
Missing character: There is no 是 (U+662F) in font [lmroman10-regular]:mapping=t
ex-text;!
Missing character: There is no 情 (U+60C5) in font [lmroman10-regular]:mapping=t
ex-text;!
Missing character: There is no 绪 (U+7EEA) in font [lmroman10-regular]:mapping=t
ex-text;!
Missing character: There is no 、 (U+3001) in font [lmroman10-regular]:mapping=t
ex-text;!
Missing character: There is no 场 (U+573A) in font [lmroman10-regular]:mapping=t
ex-text;!
Missing character: There is no 景 (U+666F) in font [lmroman10-regular]:mapping=t
ex-text;!
Missing character: There is no 与 (U+4E0E) in font [lmroman10-regular]:mapping=t
ex-text;!
Missing character: There is no 身 (U+8EAB) in font [lmroman10-regular]:mapping=t
ex-text;!
Missing character: There is no 份 (U+4EFD) in font [lmroman10-regular]:mapping=t
ex-text;!
Missing character: There is no 的 (U+7684) in font [lmroman10-regular]:mapping=t
ex-text;!
Missing character: There is no 混 (U+6DF7) in font [lmroman10-regular]:mapping=t
ex-text;!
Missing character: There is no 合 (U+5408) in font [lmroman10-regular]:mapping=t
ex-text;!
Missing character: There is no 体 (U+4F53) in font [lmroman10-regular]:mapping=t
ex-text;!
Missing character: There is no ， (U+FF0C) in font [lmroman10-regular]:mapping=t
ex-text;!
Missing character: There is no 是 (U+662F) in font [lmroman10-regular]:mapping=t
ex-text;!
Missing character: There is no 平 (U+5E73) in font [lmroman10-regular]:mapping=t
ex-text;!
Missing character: There is no 台 (U+53F0) in font [lmroman10-regular]:mapping=t
ex-text;!
Missing character: There is no 、 (U+3001) in font [lmroman10-regular]:mapping=t
ex-text;!
Missing character: There is no 创 (U+521B) in font [lmroman10-regular]:mapping=t
ex-text;!
Missing character: There is no 作 (U+4F5C) in font [lmroman10-regular]:mapping=t
ex-text;!
Missing character: There is no 者 (U+8005) in font [lmroman10-regular]:mapping=t
ex-text;!
Missing character: There is no 与 (U+4E0E) in font [lmroman10-regular]:mapping=t
ex-text;!
Missing character: There is no 听 (U+542C) in font [lmroman10-regular]:mapping=t
ex-text;!
Missing character: There is no 众 (U+4F17) in font [lmroman10-regular]:mapping=t
ex-text;!
Missing character: There is no 三 (U+4E09) in font [lmroman10-regular]:mapping=t
ex-text;!
Missing character: There is no 方 (U+65B9) in font [lmroman10-regular]:mapping=t
ex-text;!
Missing character: There is no 博 (U+535A) in font [lmroman10-regular]:mapping=t
ex-text;!
Missing character: There is no 弈 (U+5F08) in font [lmroman10-regular]:mapping=t
ex-text;!
Missing character: There is no 的 (U+7684) in font [lmroman10-regular]:mapping=t
ex-text;!
Missing character: There is no 核 (U+6838) in font [lmroman10-regular]:mapping=t
ex-text;!
Missing character: There is no 心 (U+5FC3) in font [lmroman10-regular]:mapping=t
ex-text;!
Missing character: There is no 载 (U+8F7D) in font [lmroman10-regular]:mapping=t
ex-text;!
Missing character: There is no 体 (U+4F53) in font [lmroman10-regular]:mapping=t
ex-text;!
Missing character: There is no 。 (U+3002) in font [lmroman10-regular]:mapping=t
ex-text;!
Missing character: There is no 本 (U+672C) in font [lmroman10-regular]:mapping=t
ex-text;!
Missing character: There is no 次 (U+6B21) in font [lmroman10-regular]:mapping=t
ex-text;!
Missing character: There is no 研 (U+7814) in font [lmroman10-regular]:mapping=t
ex-text;!
Missing character: There is no 究 (U+7A76) in font [lmroman10-regular]:mapping=t
ex-text;!
Missing character: There is no 旨 (U+65E8) in font [lmroman10-regular]:mapping=t
ex-text;!
Missing character: There is no 在 (U+5728) in font [lmroman10-regular]:mapping=t
ex-text;!
Missing character: There is no 利 (U+5229) in font [lmroman10-regular]:mapping=t
ex-text;!
Missing character: There is no 用 (U+7528) in font [lmroman10-regular]:mapping=t
ex-text;!
Missing character: There is no 公 (U+516C) in font [lmroman10-regular]:mapping=t
ex-text;!
Missing character: There is no 开 (U+5F00) in font [lmroman10-regular]:mapping=t
ex-text;!
Missing character: There is no 数 (U+6570) in font [lmroman10-regular]:mapping=t
ex-text;!
Missing character: There is no 据 (U+636E) in font [lmroman10-regular]:mapping=t
ex-text;!
Missing character: There is no 拆 (U+62C6) in font [lmroman10-regular]:mapping=t
ex-text;!
Missing character: There is no 解 (U+89E3) in font [lmroman10-regular]:mapping=t
ex-text;!
Missing character: There is no 播 (U+64AD) in font [lmroman10-regular]:mapping=t
ex-text;!
Missing character: There is no 放 (U+653E) in font [lmroman10-regular]:mapping=t
ex-text;!
Missing character: There is no 量 (U+91CF) in font [lmroman10-regular]:mapping=t
ex-text;!
Missing character: There is no 背 (U+80CC) in font [lmroman10-regular]:mapping=t
ex-text;!
Missing character: There is no 后 (U+540E) in font [lmroman10-regular]:mapping=t
ex-text;!
Missing character: There is no 的 (U+7684) in font [lmroman10-regular]:mapping=t
ex-text;!
Missing character: There is no 因 (U+56E0) in font [lmroman10-regular]:mapping=t
ex-text;!
Missing character: There is no 果 (U+679C) in font [lmroman10-regular]:mapping=t
ex-text;!
Missing character: There is no 链 (U+94FE) in font [lmroman10-regular]:mapping=t
ex-text;!
Missing character: There is no ， (U+FF0C) in font [lmroman10-regular]:mapping=t
ex-text;!
Missing character: There is no 帮 (U+5E2E) in font [lmroman10-regular]:mapping=t
ex-text;!
Missing character: There is no 助 (U+52A9) in font [lmroman10-regular]:mapping=t
ex-text;!
Missing character: There is no 平 (U+5E73) in font [lmroman10-regular]:mapping=t
ex-text;!
Missing character: There is no 台 (U+53F0) in font [lmroman10-regular]:mapping=t
ex-text;!
Missing character: There is no 发 (U+53D1) in font [lmroman10-regular]:mapping=t
ex-text;!
Missing character: There is no 现 (U+73B0) in font [lmroman10-regular]:mapping=t
ex-text;!
Missing character: There is no 高 (U+9AD8) in font [lmroman10-regular]:mapping=t
ex-text;!
Missing character: There is no 潜 (U+6F5C) in font [lmroman10-regular]:mapping=t
ex-text;!
Missing character: There is no 力 (U+529B) in font [lmroman10-regular]:mapping=t
ex-text;!
Missing character: There is no 内 (U+5185) in font [lmroman10-regular]:mapping=t
ex-text;!
Missing character: There is no 容 (U+5BB9) in font [lmroman10-regular]:mapping=t
ex-text;!
Missing character: There is no ， (U+FF0C) in font [lmroman10-regular]:mapping=t
ex-text;!
Missing character: There is no 协 (U+534F) in font [lmroman10-regular]:mapping=t
ex-text;!
Missing character: There is no 助 (U+52A9) in font [lmroman10-regular]:mapping=t
ex-text;!
Missing character: There is no 创 (U+521B) in font [lmroman10-regular]:mapping=t
ex-text;!
Missing character: There is no 作 (U+4F5C) in font [lmroman10-regular]:mapping=t
ex-text;!
Missing character: There is no 者 (U+8005) in font [lmroman10-regular]:mapping=t
ex-text;!
Missing character: There is no 低 (U+4F4E) in font [lmroman10-regular]:mapping=t
ex-text;!
Missing character: There is no 成 (U+6210) in font [lmroman10-regular]:mapping=t
ex-text;!
Missing character: There is no 本 (U+672C) in font [lmroman10-regular]:mapping=t
ex-text;!
Missing character: There is no 试 (U+8BD5) in font [lmroman10-regular]:mapping=t
ex-text;!
Missing character: There is no 错 (U+9519) in font [lmroman10-regular]:mapping=t
ex-text;!
Missing character: There is no ， (U+FF0C) in font [lmroman10-regular]:mapping=t
ex-text;!
Missing character: There is no 并 (U+5E76) in font [lmroman10-regular]:mapping=t
ex-text;!
Missing character: There is no 为 (U+4E3A) in font [lmroman10-regular]:mapping=t
ex-text;!
Missing character: There is no 用 (U+7528) in font [lmroman10-regular]:mapping=t
ex-text;!
Missing character: There is no 户 (U+6237) in font [lmroman10-regular]:mapping=t
ex-text;!
Missing character: There is no 提 (U+63D0) in font [lmroman10-regular]:mapping=t
ex-text;!
Missing character: There is no 供 (U+4F9B) in font [lmroman10-regular]:mapping=t
ex-text;!
Missing character: There is no 过 (U+8FC7) in font [lmroman10-regular]:mapping=t
ex-text;!
Missing character: There is no 滤 (U+6EE4) in font [lmroman10-regular]:mapping=t
ex-text;!
Missing character: There is no 噪 (U+566A) in font [lmroman10-regular]:mapping=t
ex-text;!
Missing character: There is no 音 (U+97F3) in font [lmroman10-regular]:mapping=t
ex-text;!
Missing character: There is no 的 (U+7684) in font [lmroman10-regular]:mapping=t
ex-text;!
Missing character: There is no 依 (U+4F9D) in font [lmroman10-regular]:mapping=t
ex-text;!
Missing character: There is no 据 (U+636E) in font [lmroman10-regular]:mapping=t
ex-text;!
Missing character: There is no 。 (U+3002) in font [lmroman10-regular]:mapping=t
ex-text;!
Missing character: There is no 环 (U+73AF) in font [lmroman12-bold]:mapping=tex-
text;!
Missing character: There is no 境 (U+5883) in font [lmroman12-bold]:mapping=tex-
text;!
Missing character: There is no 加 (U+52A0) in font [lmroman12-bold]:mapping=tex-
text;!
Missing character: There is no 载 (U+8F7D) in font [lmroman12-bold]:mapping=tex-
text;!
Missing character: There is no 与 (U+4E0E) in font [lmroman12-bold]:mapping=tex-
text;!
Missing character: There is no 数 (U+6570) in font [lmroman12-bold]:mapping=tex-
text;!
Missing character: There is no 据 (U+636E) in font [lmroman12-bold]:mapping=tex-
text;!
Missing character: There is no 预 (U+9884) in font [lmroman12-bold]:mapping=tex-
text;!
Missing character: There is no 处 (U+5904) in font [lmroman12-bold]:mapping=tex-
text;!
Missing character: There is no 理 (U+7406) in font [lmroman12-bold]:mapping=tex-
text;!
Missing character: There is no 数 (U+6570) in font [lmroman10-bold]:mapping=tex-
text;!
Missing character: There is no 据 (U+636E) in font [lmroman10-bold]:mapping=tex-
text;!
Missing character: There is no 概 (U+6982) in font [lmroman10-bold]:mapping=tex-
text;!
Missing character: There is no 况 (U+51B5) in font [lmroman10-bold]:mapping=tex-
text;!
Missing character: There is no ： (U+FF1A) in font [lmroman10-bold]:mapping=tex-
text;!
Missing character: There is no 原 (U+539F) in font [lmroman10-regular]:mapping=t
ex-text;!
Missing character: There is no 始 (U+59CB) in font [lmroman10-regular]:mapping=t
ex-text;!
Missing character: There is no 数 (U+6570) in font [lmroman10-regular]:mapping=t
ex-text;!
Missing character: There is no 据 (U+636E) in font [lmroman10-regular]:mapping=t
ex-text;!
Missing character: There is no 集 (U+96C6) in font [lmroman10-regular]:mapping=t
ex-text;!
Missing character: There is no 包 (U+5305) in font [lmroman10-regular]:mapping=t
ex-text;!
Missing character: There is no 含 (U+542B) in font [lmroman10-regular]:mapping=t
ex-text;!
Missing character: There is no 个 (U+4E2A) in font [lmroman10-regular]:mapping=t
ex-text;!
Missing character: There is no 歌 (U+6B4C) in font [lmroman10-regular]:mapping=t
ex-text;!
Missing character: There is no 单 (U+5355) in font [lmroman10-regular]:mapping=t
ex-text;!
Missing character: There is no 样 (U+6837) in font [lmroman10-regular]:mapping=t
ex-text;!
Missing character: There is no 本 (U+672C) in font [lmroman10-regular]:mapping=t
ex-text;!
Missing character: There is no ， (U+FF0C) in font [lmroman10-regular]:mapping=t
ex-text;!
Missing character: There is no 涵 (U+6DB5) in font [lmroman10-regular]:mapping=t
ex-text;!
Missing character: There is no 盖 (U+76D6) in font [lmroman10-regular]:mapping=t
ex-text;!
Missing character: There is no 个 (U+4E2A) in font [lmroman10-regular]:mapping=t
ex-text;!
Missing character: There is no 特 (U+7279) in font [lmroman10-regular]:mapping=t
ex-text;!
Missing character: There is no 征 (U+5F81) in font [lmroman10-regular]:mapping=t
ex-text;!
Missing character: There is no 变 (U+53D8) in font [lmroman10-regular]:mapping=t
ex-text;!
Missing character: There is no 量 (U+91CF) in font [lmroman10-regular]:mapping=t
ex-text;!
Missing character: There is no 。 (U+3002) in font [lmroman10-regular]:mapping=t
ex-text;!
Missing character: There is no 我 (U+6211) in font [lmroman10-regular]:mapping=t
ex-text;!
Missing character: There is no 们 (U+4EEC) in font [lmroman10-regular]:mapping=t
ex-text;!
Missing character: There is no 将 (U+5C06) in font [lmroman10-regular]:mapping=t
ex-text;!
Missing character: There is no 首 (U+9996) in font [lmroman10-regular]:mapping=t
ex-text;!
Missing character: There is no 先 (U+5148) in font [lmroman10-regular]:mapping=t
ex-text;!
Missing character: There is no 进 (U+8FDB) in font [lmroman10-regular]:mapping=t
ex-text;!
Missing character: There is no 行 (U+884C) in font [lmroman10-regular]:mapping=t
ex-text;!
Missing character: There is no 缺 (U+7F3A) in font [lmroman10-regular]:mapping=t
ex-text;!
Missing character: There is no 失 (U+5931) in font [lmroman10-regular]:mapping=t
ex-text;!
Missing character: There is no 值 (U+503C) in font [lmroman10-regular]:mapping=t
ex-text;!
Missing character: There is no 处 (U+5904) in font [lmroman10-regular]:mapping=t
ex-text;!
Missing character: There is no 理 (U+7406) in font [lmroman10-regular]:mapping=t
ex-text;!
Missing character: There is no （ (U+FF08) in font [lmroman10-regular]:mapping=t
ex-text;!
Missing character: There is no 主 (U+4E3B) in font [lmroman10-regular]:mapping=t
ex-text;!
Missing character: There is no 要 (U+8981) in font [lmroman10-regular]:mapping=t
ex-text;!
Missing character: There is no 是 (U+662F) in font [lmroman10-regular]:mapping=t
ex-text;!
Missing character: There is no 简 (U+7B80) in font [lmroman10-regular]:mapping=t
ex-text;!
Missing character: There is no 介 (U+4ECB) in font [lmroman10-regular]:mapping=t
ex-text;!
Missing character: There is no 字 (U+5B57) in font [lmroman10-regular]:mapping=t
ex-text;!
Missing character: There is no 段 (U+6BB5) in font [lmroman10-regular]:mapping=t
ex-text;!
Missing character: There is no ） (U+FF09) in font [lmroman10-regular]:mapping=t
ex-text;!
Missing character: There is no 以 (U+4EE5) in font [lmroman10-regular]:mapping=t
ex-text;!
Missing character: There is no 及 (U+53CA) in font [lmroman10-regular]:mapping=t
ex-text;!
Missing character: There is no 将 (U+5C06) in font [lmroman10-regular]:mapping=t
ex-text;!
Missing character: There is no 分 (U+5206) in font [lmroman10-regular]:mapping=t
ex-text;!
Missing character: There is no 类 (U+7C7B) in font [lmroman10-regular]:mapping=t
ex-text;!
Missing character: There is no 变 (U+53D8) in font [lmroman10-regular]:mapping=t
ex-text;!
Missing character: There is no 量 (U+91CF) in font [lmroman10-regular]:mapping=t
ex-text;!
Missing character: There is no 转 (U+8F6C) in font [lmroman10-regular]:mapping=t
ex-text;!
Missing character: There is no 化 (U+5316) in font [lmroman10-regular]:mapping=t
ex-text;!
Missing character: There is no 为 (U+4E3A) in font [lmroman10-regular]:mapping=t
ex-text;!
Missing character: There is no 二 (U+4E8C) in font [lmroman10-regular]:mapping=t
ex-text;!
Missing character: There is no 值 (U+503C) in font [lmroman10-regular]:mapping=t
ex-text;!
Missing character: There is no 变 (U+53D8) in font [lmroman10-regular]:mapping=t
ex-text;!
Missing character: There is no 量 (U+91CF) in font [lmroman10-regular]:mapping=t
ex-text;!
Missing character: There is no 。 (U+3002) in font [lmroman10-regular]:mapping=t
ex-text;!
LaTeX Font Info:    Font shape `TU/lmtt/bx/n' in size <10> not available
(Font)              Font shape `TU/lmtt/b/n' tried instead on input line 129.
Missing character: There is no 网 (U+7F51) in font [lmmono10-regular]:!
Missing character: There is no 易 (U+6613) in font [lmmono10-regular]:!
Missing character: There is no 云 (U+4E91) in font [lmmono10-regular]:!
Missing character: There is no 音 (U+97F3) in font [lmmono10-regular]:!
Missing character: There is no 乐 (U+4E50) in font [lmmono10-regular]:!
Missing character: There is no 歌 (U+6B4C) in font [lmmono10-regular]:!
Missing character: There is no 单 (U+5355) in font [lmmono10-regular]:!
Missing character: There is no 分 (U+5206) in font [lmmono10-regular]:!
Missing character: There is no 析 (U+6790) in font [lmmono10-regular]:!
Missing character: There is no 、 (U+3001) in font [lmmono10-italic]:!
Missing character: There is no 清 (U+6E05) in font [lmmono10-italic]:!
Missing character: There is no 洗 (U+6D17) in font [lmmono10-italic]:!
Missing character: There is no 数 (U+6570) in font [lmmono10-italic]:!
Missing character: There is no 据 (U+636E) in font [lmmono10-italic]:!

LaTeX Font Warning: Font shape `TU/lmtt/bx/it' in size <10> not available
(Font)              Font shape `TU/lmtt/b/sl' tried instead on input line 155.

Missing character: There is no 获 (U+83B7) in font [lmmonolt10-boldoblique]:!
Missing character: There is no 取 (U+53D6) in font [lmmonolt10-boldoblique]:!
Missing character: There is no 数 (U+6570) in font [lmmonolt10-boldoblique]:!
Missing character: There is no 据 (U+636E) in font [lmmonolt10-boldoblique]:!
Missing character: There is no 基 (U+57FA) in font [lmmonolt10-boldoblique]:!
Missing character: There is no 础 (U+7840) in font [lmmonolt10-boldoblique]:!
Missing character: There is no 信 (U+4FE1) in font [lmmonolt10-boldoblique]:!
Missing character: There is no 息 (U+606F) in font [lmmonolt10-boldoblique]:!


[1

]
Missing character: There is no 古 (U+53E4) in font [lmmono10-regular]:!
Missing character: There is no 风 (U+98CE) in font [lmmono10-regular]:!
Missing character: There is no 经 (U+7ECF) in font [lmmono10-regular]:!
Missing character: There is no 典 (U+5178) in font [lmmono10-regular]:!
Missing character: There is no 爵 (U+7235) in font [lmmono10-regular]:!
Missing character: There is no 士 (U+58EB) in font [lmmono10-regular]:!
Missing character: There is no 世 (U+4E16) in font [lmmono10-regular]:!
Missing character: There is no 界 (U+754C) in font [lmmono10-regular]:!
Missing character: There is no 精 (U+7CBE) in font [lmmono10-regular]:!
Missing character: There is no 选 (U+9009) in font [lmmono10-regular]:!
Missing character: There is no 节 (U+8282) in font [lmmono10-regular]:!
Missing character: There is no 奏 (U+594F) in font [lmmono10-regular]:!
Missing character: There is no 女 (U+5973) in font [lmmono10-regular]:!
Missing character: There is no 声 (U+58F0) in font [lmmono10-regular]:!
Missing character: There is no 欧 (U+6B27) in font [lmmono10-regular]:!
Missing character: There is no 美 (U+7F8E) in font [lmmono10-regular]:!
Missing character: There is no 粤 (U+7CA4) in font [lmmono10-regular]:!
Missing character: There is no 语 (U+8BED) in font [lmmono10-regular]:!
Missing character: There is no 民 (U+6C11) in font [lmmono10-regular]:!
Missing character: There is no 谣 (U+8C23) in font [lmmono10-regular]:!
Missing character: There is no 东 (U+4E1C) in font [lmmono10-regular]:!
Missing character: There is no 方 (U+65B9) in font [lmmono10-regular]:!
Missing character: There is no 中 (U+4E2D) in font [lmmono10-regular]:!
Missing character: There is no 国 (U+56FD) in font [lmmono10-regular]:!
Missing character: There is no 那 (U+90A3) in font [lmmono10-regular]:!
Missing character: There is no 些 (U+4E9B) in font [lmmono10-regular]:!
Missing character: There is no 歌 (U+6B4C) in font [lmmono10-regular]:!
Missing character: There is no 单 (U+5355) in font [lmmono10-regular]:!
Missing character: There is no 音 (U+97F3) in font [lmmono10-regular]:!
Missing character: There is no 乐 (U+4E50) in font [lmmono10-regular]:!
Missing character: There is no 歌 (U+6B4C) in font [lmmono10-regular]:!
Missing character: There is no 曲 (U+66F2) in font [lmmono10-regular]:!
Missing character: There is no 喜 (U+559C) in font [lmmono10-regular]:!
Missing character: There is no 欢 (U+6B22) in font [lmmono10-regular]:!
Missing character: There is no 封 (U+5C01) in font [lmmono10-regular]:!
Missing character: There is no 面 (U+9762) in font [lmmono10-regular]:!
Missing character: There is no 专 (U+4E13) in font [lmmono10-regular]:!
Missing character: There is no 辑 (U+8F91) in font [lmmono10-regular]:!
Missing character: There is no 歌 (U+6B4C) in font [lmmono10-regular]:!
Missing character: There is no 手 (U+624B) in font [lmmono10-regular]:!
Missing character: There is no 风 (U+98CE) in font [lmmono10-regular]:!
Missing character: There is no 格 (U+683C) in font [lmmono10-regular]:!
Missing character: There is no 更 (U+66F4) in font [lmmono10-regular]:!
Missing character: There is no 新 (U+65B0) in font [lmmono10-regular]:!
Missing character: There is no 旋 (U+65CB) in font [lmmono10-regular]:!
Missing character: There is no 律 (U+5F8B) in font [lmmono10-regular]:!
Missing character: There is no 收 (U+6536) in font [lmmono10-regular]:!
Missing character: There is no 录 (U+5F55) in font [lmmono10-regular]:!
Missing character: There is no 节 (U+8282) in font [lmmono10-regular]:!
Missing character: There is no 奏 (U+594F) in font [lmmono10-regular]:!
Missing character: There is no 好 (U+597D) in font [lmmono10-regular]:!
Missing character: There is no 听 (U+542C) in font [lmmono10-regular]:!
Missing character: There is no 电 (U+7535) in font [lmmono10-regular]:!
Missing character: There is no 音 (U+97F3) in font [lmmono10-regular]:!
Missing character: There is no 欧 (U+6B27) in font [lmmono10-regular]:!
Missing character: There is no 美 (U+7F8E) in font [lmmono10-regular]:!
Missing character: There is no 流 (U+6D41) in font [lmmono10-regular]:!
Missing character: There is no 行 (U+884C) in font [lmmono10-regular]:!
Missing character: There is no 华 (U+534E) in font [lmmono10-regular]:!
Missing character: There is no 语 (U+8BED) in font [lmmono10-regular]:!
Missing character: There is no 电 (U+7535) in font [lmmono10-regular]:!
Missing character: There is no 子 (U+5B50) in font [lmmono10-regular]:!
Missing character: There is no 日 (U+65E5) in font [lmmono10-regular]:!
Missing character: There is no 语 (U+8BED) in font [lmmono10-regular]:!
Missing character: There is no 古 (U+53E4) in font [lmmono10-regular]:!
Missing character: There is no 风 (U+98CE) in font [lmmono10-regular]:!
Missing character: There is no 轻 (U+8F7B) in font [lmmono10-regular]:!
Missing character: There is no 音 (U+97F3) in font [lmmono10-regular]:!
Missing character: There is no 乐 (U+4E50) in font [lmmono10-regular]:!
Missing character: There is no 经 (U+7ECF) in font [lmmono10-regular]:!
Missing character: There is no 典 (U+5178) in font [lmmono10-regular]:!
Missing character: There is no 器 (U+5668) in font [lmmono10-regular]:!
Missing character: There is no 乐 (U+4E50) in font [lmmono10-regular]:!
Missing character: There is no 治 (U+6CBB) in font [lmmono10-regular]:!
Missing character: There is no 愈 (U+6108) in font [lmmono10-regular]:!
Missing character: There is no 兴 (U+5174) in font [lmmono10-regular]:!
Missing character: There is no 奋 (U+594B) in font [lmmono10-regular]:!
Missing character: There is no 游 (U+6E38) in font [lmmono10-regular]:!
Missing character: There is no 戏 (U+620F) in font [lmmono10-regular]:!
Missing character: There is no 独 (U+72EC) in font [lmmono10-regular]:!
Missing character: There is no 立 (U+7ACB) in font [lmmono10-regular]:!
Missing character: There is no 另 (U+53E6) in font [lmmono10-regular]:!
Missing character: There is no 类 (U+7C7B) in font [lmmono10-regular]:!
Missing character: There is no 影 (U+5F71) in font [lmmono10-regular]:!
Missing character: There is no 视 (U+89C6) in font [lmmono10-regular]:!
Missing character: There is no 原 (U+539F) in font [lmmono10-regular]:!
Missing character: There is no 声 (U+58F0) in font [lmmono10-regular]:!
Missing character: There is no 民 (U+6C11) in font [lmmono10-regular]:!
Missing character: There is no 族 (U+65CF) in font [lmmono10-regular]:!
Missing character: There is no 怀 (U+6000) in font [lmmono10-regular]:!
Missing character: There is no 旧 (U+65E7) in font [lmmono10-regular]:!
Missing character: There is no 粤 (U+7CA4) in font [lmmono10-regular]:!
Missing character: There is no 语 (U+8BED) in font [lmmono10-regular]:!
Missing character: There is no 摇 (U+6447) in font [lmmono10-regular]:!
Missing character: There is no 滚 (U+6EDA) in font [lmmono10-regular]:!
Missing character: There is no 夜 (U+591C) in font [lmmono10-regular]:!
Missing character: There is no 車 (U+8ECA) in font [lmmono10-regular]:!
Missing character: There is no 歌 (U+6B4C) in font [lmmono10-regular]:!
Missing character: There is no ： (U+FF1A) in font [lmmono10-regular]:!
Missing character: There is no 【 (U+3010) in font [lmmono10-regular]:!
Missing character: There is no 】 (U+3011) in font [lmmono10-regular]:!

Overfull \hbox (93.045pt too wide) in paragraph at lines 360--360
[]\TU/lmtt/m/n/10 ##  $ name              : chr [1:2049] "- Dance with me." "- 
Russian" "-夜-車-歌-" "：GOD[]S DEATH 888【T% RAP】" ...[] 
 []

Missing character: There is no 玛 (U+739B) in font [lmmono10-regular]:!
Missing character: There is no 丽 (U+4E3D) in font [lmmono10-regular]:!
Missing character: There is no 锁 (U+9501) in font [lmmono10-regular]:!
Missing character: There is no 链 (U+94FE) in font [lmmono10-regular]:!
Missing character: There is no 是 (U+662F) in font [lmmono10-regular]:!
Missing character: There is no 耶 (U+8036) in font [lmmono10-regular]:!
Missing character: There is no 稣 (U+7A23) in font [lmmono10-regular]:!

Overfull \hbox (74.84499pt too wide) in paragraph at lines 360--360
[]\TU/lmtt/m/n/10 ##  $ author            : chr [1:2049] "MONSTER-CAT6" "Lavida
Loca_z" "玛丽锁链是耶稣" "YOUNG-RICH-WORLD-PEACE" ...[] 
 []

Missing character: There is no 介 (U+4ECB) in font [lmmono10-regular]:!
Missing character: There is no 绍 (U+7ECD) in font [lmmono10-regular]:!
Missing character: There is no ： (U+FF1A) in font [lmmono10-regular]:!
Missing character: There is no 欧 (U+6B27) in font [lmmono10-regular]:!
Missing character: There is no 美 (U+7F8E) in font [lmmono10-regular]:!
Missing character: There is no 流 (U+6D41) in font [lmmono10-regular]:!
Missing character: There is no 行 (U+884C) in font [lmmono10-regular]:!
Missing character: There is no 舞 (U+821E) in font [lmmono10-regular]:!
Missing character: There is no 曲 (U+66F2) in font [lmmono10-regular]:!
Missing character: There is no 。 (U+3002) in font [lmmono10-regular]:!
Missing character: There is no 介 (U+4ECB) in font [lmmono10-regular]:!
Missing character: There is no 绍 (U+7ECD) in font [lmmono10-regular]:!
Missing character: There is no ： (U+FF1A) in font [lmmono10-regular]:!
Missing character: There is no 边 (U+8FB9) in font [lmmono10-regular]:!
Missing character: There is no 听 (U+542C) in font [lmmono10-regular]:!
Missing character: There is no 边 (U+8FB9) in font [lmmono10-regular]:!
Missing character: There is no 学 (U+5B66) in font [lmmono10-regular]:!
Missing character: There is no 俄 (U+4FC4) in font [lmmono10-regular]:!
Missing character: There is no 语 (U+8BED) in font [lmmono10-regular]:!
Missing character: There is no 介 (U+4ECB) in font [lmmono10-regular]:!
Missing character: There is no 绍 (U+7ECD) in font [lmmono10-regular]:!
Missing character: There is no ： (U+FF1A) in font [lmmono10-regular]:!
Missing character: There is no 今 (U+4ECA) in font [lmmono10-regular]:!
Missing character: There is no 天 (U+5929) in font [lmmono10-regular]:!
Missing character: There is no 我 (U+6211) in font [lmmono10-regular]:!
Missing character: There is no 感 (U+611F) in font [lmmono10-regular]:!
Missing character: There is no 到 (U+5230) in font [lmmono10-regular]:!
Missing character: There is no 非 (U+975E) in font [lmmono10-regular]:!
Missing character: There is no 常 (U+5E38) in font [lmmono10-regular]:!
Missing character: There is no 烦 (U+70E6) in font [lmmono10-regular]:!
Missing character: There is no 闷 (U+95F7) in font [lmmono10-regular]:!
Missing character: There is no 我 (U+6211) in font [lmmono10-regular]:!
Missing character: There is no 想 (U+60F3) in font [lmmono10-regular]:!
Missing character: There is no 念 (U+5FF5) in font [lmmono10-regular]:!
Missing character: There is no 你 (U+4F60) in font [lmmono10-regular]:!
Missing character: There is no 我 (U+6211) in font [lmmono10-regular]:!
Missing character: There is no 想 (U+60F3) in font [lmmono10-regular]:!
Missing character: There is no 起 (U+8D77) in font [lmmono10-regular]:!
Missing character: There is no 夜 (U+591C) in font [lmmono10-regular]:!
Missing character: There is no 幕 (U+5E55) in font [lmmono10-regular]:!
Missing character: There is no 降 (U+964D) in font [lmmono10-regular]:!
Missing character: There is no 临 (U+4E34) in font [lmmono10-regular]:!
Missing character: There is no 的 (U+7684) in font [lmmono10-regular]:!
Missing character: There is no 时 (U+65F6) in font [lmmono10-regular]:!
Missing character: There is no 候 (U+5019) in font [lmmono10-regular]:!
Missing character: There is no 和 (U+548C) in font [lmmono10-regular]:!
Missing character: There is no 你 (U+4F60) in font [lmmono10-regular]:!
Missing character: There is no 踏 (U+8E0F) in font [lmmono10-regular]:!
Missing character: There is no 着 (U+7740) in font [lmmono10-regular]:!
Missing character: There is no 星 (U+661F) in font [lmmono10-regular]:!
Missing character: There is no 光 (U+5149) in font [lmmono10-regular]:!
Missing character: There is no 走 (U+8D70) in font [lmmono10-regular]:!
Missing character: There is no 去 (U+53BB) in font [lmmono10-regular]:!
Missing character: There is no 想 (U+60F3) in font [lmmono10-regular]:!
Missing character: There is no 起 (U+8D77) in font [lmmono10-regular]:!
Missing character: There is no 了 (U+4E86) in font [lmmono10-regular]:!
Missing character: There is no 灯 (U+706F) in font [lmmono10-regular]:!
Missing character: There is no 光 (U+5149) in font [lmmono10-regular]:!
Missing character: There is no 照 (U+7167) in font [lmmono10-regular]:!
Missing character: There is no 着 (U+7740) in font [lmmono10-regular]:!
Missing character: There is no 树 (U+6811) in font [lmmono10-regular]:!
Missing character: There is no 叶 (U+53F6) in font [lmmono10-regular]:!
Missing character: There is no 的 (U+7684) in font [lmmono10-regular]:!
Missing character: There is no 介 (U+4ECB) in font [lmmono10-regular]:!
Missing character: There is no 绍 (U+7ECD) in font [lmmono10-regular]:!
Missing character: There is no ： (U+FF1A) in font [lmmono10-regular]:!
Missing character: There is no 此 (U+6B64) in font [lmmono10-regular]:!
Missing character: There is no 歌 (U+6B4C) in font [lmmono10-regular]:!
Missing character: There is no 单 (U+5355) in font [lmmono10-regular]:!
Missing character: There is no 非 (U+975E) in font [lmmono10-regular]:!
Missing character: There is no 常 (U+5E38) in font [lmmono10-regular]:!
Missing character: There is no 的 (U+7684) in font [lmmono10-regular]:!
Missing character: There is no 躁 (U+8E81) in font [lmmono10-regular]:!
Missing character: There is no 动 (U+52A8) in font [lmmono10-regular]:!
Missing character: There is no 与 (U+4E0E) in font [lmmono10-regular]:!
Missing character: There is no 迷 (U+8FF7) in font [lmmono10-regular]:!
Missing character: There is no 幻 (U+5E7B) in font [lmmono10-regular]:!
Missing character: There is no 备 (U+5907) in font [lmmono10-regular]:!
Missing character: There is no ： (U+FF1A) in font [lmmono10-regular]:!
Missing character: There is no 和 (U+548C) in font [lmmono10-regular]:!
Missing character: There is no 将 (U+5C06) in font [lmmono10-regular]:!
Missing character: There is no 会 (U+4F1A) in font [lmmono10-regular]:!
Missing character: There is no 带 (U+5E26) in font [lmmono10-regular]:!
Missing character: There is no 你 (U+4F60) in font [lmmono10-regular]:!
Missing character: There is no 进 (U+8FDB) in font [lmmono10-regular]:!
Missing character: There is no 入 (U+5165) in font [lmmono10-regular]:!
Missing character: There is no 一 (U+4E00) in font [lmmono10-regular]:!
Missing character: There is no 个 (U+4E2A) in font [lmmono10-regular]:!
Missing character: There is no 不 (U+4E0D) in font [lmmono10-regular]:!
Missing character: There is no 一 (U+4E00) in font [lmmono10-regular]:!
Missing character: There is no 样 (U+6837) in font [lmmono10-regular]:!
Missing character: There is no 的 (U+7684) in font [lmmono10-regular]:!
Missing character: There is no 音 (U+97F3) in font [lmmono10-regular]:!
Missing character: There is no 乐 (U+4E50) in font [lmmono10-regular]:!
Missing character: There is no 世 (U+4E16) in font [lmmono10-regular]:!
Missing character: There is no 界 (U+754C) in font [lmmono10-regular]:!

Overfull \hbox (586.54497pt too wide) in paragraph at lines 360--360
[]\TU/lmtt/m/n/10 ##  $ introduction      : chr [1:2049] "<b>介绍：</b>欧美流行舞曲。<br>
" "<b>介绍：</b>边听边学俄语.<br>" "<b>介绍：</b>今天我感到非常烦闷<br>我想念你<br>我想起夜幕降临的时候<br>和你踏着星光走
去<br>想起了灯光照着树叶的"| __truncated__ "<b>介绍：</b>此歌单非常的躁动与迷幻 备 ：Rap Music 和 Trap Musi
c 将会带你进入一个不一样的音乐世界<br>" ...[] 
 []

Missing character: There is no 欧 (U+6B27) in font [lmmono10-regular]:!
Missing character: There is no 美 (U+7F8E) in font [lmmono10-regular]:!
Missing character: There is no 驾 (U+9A7E) in font [lmmono10-regular]:!
Missing character: There is no 车 (U+8F66) in font [lmmono10-regular]:!
Missing character: There is no 舞 (U+821E) in font [lmmono10-regular]:!
Missing character: There is no 曲 (U+66F2) in font [lmmono10-regular]:!
Missing character: There is no 小 (U+5C0F) in font [lmmono10-regular]:!
Missing character: There is no 语 (U+8BED) in font [lmmono10-regular]:!
Missing character: There is no 种 (U+79CD) in font [lmmono10-regular]:!
Missing character: There is no 午 (U+5348) in font [lmmono10-regular]:!
Missing character: There is no 休 (U+4F11) in font [lmmono10-regular]:!
Missing character: There is no 流 (U+6D41) in font [lmmono10-regular]:!
Missing character: There is no 行 (U+884C) in font [lmmono10-regular]:!
Missing character: There is no 夜 (U+591C) in font [lmmono10-regular]:!
Missing character: There is no 晚 (U+665A) in font [lmmono10-regular]:!
Missing character: There is no 另 (U+53E6) in font [lmmono10-regular]:!
Missing character: There is no 类 (U+7C7B) in font [lmmono10-regular]:!
Missing character: There is no 独 (U+72EC) in font [lmmono10-regular]:!
Missing character: There is no 立 (U+7ACB) in font [lmmono10-regular]:!
Missing character: There is no 英 (U+82F1) in font [lmmono10-regular]:!
Missing character: There is no 伦 (U+4F26) in font [lmmono10-regular]:!
Missing character: There is no 欧 (U+6B27) in font [lmmono10-regular]:!
Missing character: There is no 美 (U+7F8E) in font [lmmono10-regular]:!
Missing character: There is no 流 (U+6D41) in font [lmmono10-regular]:!
Missing character: There is no 行 (U+884C) in font [lmmono10-regular]:!
Missing character: There is no 说 (U+8BF4) in font [lmmono10-regular]:!
Missing character: There is no 唱 (U+5531) in font [lmmono10-regular]:!

Overfull \hbox (230.59505pt too wide) in paragraph at lines 360--360
[]\TU/lmtt/m/n/10 ##  $ topics            : chr [1:2049] "[\"欧美\",\"驾车\",\"舞曲\"
]" "[\"小语种\",\"午休\",\"流行\"]" "[\"夜晚\",\"另类/独立\",\"英伦\"]" "[\"欧美\",\"流行\",\"说唱\"
]" ...[] 
 []

Missing character: There is no 无 (U+65E0) in font [lmmono10-regular]:!
Missing character: There is no 达 (U+8FBE) in font [lmmono10-regular]:!
Missing character: There is no 人 (U+4EBA) in font [lmmono10-regular]:!
Missing character: There is no 无 (U+65E0) in font [lmmono10-regular]:!
Missing character: There is no 无 (U+65E0) in font [lmmono10-regular]:!
Missing character: There is no 是 (U+662F) in font [lmmono10-regular]:!
Missing character: There is no 是 (U+662F) in font [lmmono10-regular]:!
Missing character: There is no 否 (U+5426) in font [lmmono10-regular]:!
Missing character: There is no 是 (U+662F) in font [lmmono10-regular]:!
Missing character: There is no 否 (U+5426) in font [lmmono10-regular]:!
Missing character: There is no 否 (U+5426) in font [lmmono10-regular]:!
Missing character: There is no 否 (U+5426) in font [lmmono10-regular]:!
Missing character: There is no 否 (U+5426) in font [lmmono10-regular]:!
Missing character: There is no 否 (U+5426) in font [lmmono10-regular]:!
Missing character: There is no 否 (U+5426) in font [lmmono10-regular]:!
Missing character: There is no 否 (U+5426) in font [lmmono10-regular]:!
Missing character: There is no 否 (U+5426) in font [lmmono10-regular]:!
Missing character: There is no 否 (U+5426) in font [lmmono10-regular]:!
Missing character: There is no 否 (U+5426) in font [lmmono10-regular]:!
Missing character: There is no 否 (U+5426) in font [lmmono10-regular]:!
Missing character: There is no 否 (U+5426) in font [lmmono10-regular]:!
Missing character: There is no 否 (U+5426) in font [lmmono10-regular]:!
Missing character: There is no 否 (U+5426) in font [lmmono10-regular]:!
Missing character: There is no 否 (U+5426) in font [lmmono10-regular]:!
Missing character: There is no 否 (U+5426) in font [lmmono10-regular]:!
Missing character: There is no 否 (U+5426) in font [lmmono10-regular]:!
Missing character: There is no 否 (U+5426) in font [lmmono10-regular]:!
Missing character: There is no 否 (U+5426) in font [lmmono10-regular]:!
Missing character: There is no 否 (U+5426) in font [lmmono10-regular]:!
Missing character: There is no 否 (U+5426) in font [lmmono10-regular]:!
Missing character: There is no 否 (U+5426) in font [lmmono10-regular]:!
Missing character: There is no 否 (U+5426) in font [lmmono10-regular]:!
Missing character: There is no 否 (U+5426) in font [lmmono10-regular]:!
Missing character: There is no 否 (U+5426) in font [lmmono10-regular]:!
Missing character: There is no 否 (U+5426) in font [lmmono10-regular]:!
Missing character: There is no 否 (U+5426) in font [lmmono10-regular]:!
Missing character: There is no 否 (U+5426) in font [lmmono10-regular]:!
Missing character: There is no 古 (U+53E4) in font [lmmono10-regular]:!
Missing character: There is no 风 (U+98CE) in font [lmmono10-regular]:!
Missing character: There is no 否 (U+5426) in font [lmmono10-regular]:!
Missing character: There is no 否 (U+5426) in font [lmmono10-regular]:!
Missing character: There is no 否 (U+5426) in font [lmmono10-regular]:!
Missing character: There is no 否 (U+5426) in font [lmmono10-regular]:!
Missing character: There is no 否 (U+5426) in font [lmmono10-regular]:!
Missing character: There is no 否 (U+5426) in font [lmmono10-regular]:!
Missing character: There is no 否 (U+5426) in font [lmmono10-regular]:!
Missing character: There is no 否 (U+5426) in font [lmmono10-regular]:!
Missing character: There is no 经 (U+7ECF) in font [lmmono10-regular]:!
Missing character: There is no 典 (U+5178) in font [lmmono10-regular]:!
Missing character: There is no 否 (U+5426) in font [lmmono10-regular]:!
Missing character: There is no 否 (U+5426) in font [lmmono10-regular]:!
Missing character: There is no 否 (U+5426) in font [lmmono10-regular]:!
Missing character: There is no 否 (U+5426) in font [lmmono10-regular]:!
Missing character: There is no 爵 (U+7235) in font [lmmono10-regular]:!
Missing character: There is no 士 (U+58EB) in font [lmmono10-regular]:!
Missing character: There is no 否 (U+5426) in font [lmmono10-regular]:!
Missing character: There is no 否 (U+5426) in font [lmmono10-regular]:!
Missing character: There is no 否 (U+5426) in font [lmmono10-regular]:!
Missing character: There is no 否 (U+5426) in font [lmmono10-regular]:!
Missing character: There is no 世 (U+4E16) in font [lmmono10-regular]:!
Missing character: There is no 界 (U+754C) in font [lmmono10-regular]:!
Missing character: There is no 否 (U+5426) in font [lmmono10-regular]:!
Missing character: There is no 否 (U+5426) in font [lmmono10-regular]:!
Missing character: There is no 否 (U+5426) in font [lmmono10-regular]:!
Missing character: There is no 否 (U+5426) in font [lmmono10-regular]:!
Missing character: There is no 精 (U+7CBE) in font [lmmono10-regular]:!
Missing character: There is no 选 (U+9009) in font [lmmono10-regular]:!
Missing character: There is no 否 (U+5426) in font [lmmono10-regular]:!
Missing character: There is no 否 (U+5426) in font [lmmono10-regular]:!
Missing character: There is no 否 (U+5426) in font [lmmono10-regular]:!
Missing character: There is no 否 (U+5426) in font [lmmono10-regular]:!
Missing character: There is no 节 (U+8282) in font [lmmono10-regular]:!
Missing character: There is no 奏 (U+594F) in font [lmmono10-regular]:!
Missing character: There is no 否 (U+5426) in font [lmmono10-regular]:!
Missing character: There is no 否 (U+5426) in font [lmmono10-regular]:!
Missing character: There is no 否 (U+5426) in font [lmmono10-regular]:!
Missing character: There is no 否 (U+5426) in font [lmmono10-regular]:!


[2

! xdvipdfmx:fatal: Unable to open "report.pdf".

! No output PDF file written.
! xelatex.exe: fwrite: Broken pipe
